<?xml version="1.0" encoding="UTF-8"?>
<!-- Generated by org.testng.reporters.JUnitReportReporter -->
<testsuite skipped="0" hostname="LAPTOP-23PP5NII" name="org.base.TestngConcept" tests="3" failures="0" timestamp="19 Aug 2021 05:57:10 GMT" time="0.020" errors="0">
  <testcase name="tc1" time="0.020" classname="org.base.TestngConcept"/>
  <testcase name="tc3" time="0.000" classname="org.base.TestngConcept"/>
  <testcase name="tc2" time="0.000" classname="org.base.TestngConcept"/>
</testsuite> <!-- org.base.TestngConcept -->
